{
  "stats": {
    "suites": 1,
    "tests": 3,
    "passes": 3,
    "pending": 0,
    "failures": 0,
    "start": "2022-04-14T23:57:16.767Z",
    "end": "2022-04-14T23:57:27.875Z",
    "duration": 11108,
    "testsRegistered": 3,
    "passPercent": 100,
    "pendingPercent": 0,
    "other": 0,
    "hasOther": false,
    "skipped": 0,
    "hasSkipped": false
  },
  "results": [
    {
      "uuid": "c70dae3d-cce1-4a64-b13c-0fcc3b2ab36c",
      "title": "",
      "fullFile": "cypress/integration/searchhomepagetest.spec.js",
      "file": "cypress/integration/searchhomepagetest.spec.js",
      "beforeHooks": [],
      "afterHooks": [],
      "tests": [],
      "suites": [
        {
          "uuid": "6488dfe6-4258-4f2e-8bbf-9ba33a548b4b",
          "title": "Test for Search Home page",
          "fullFile": "",
          "file": "",
          "beforeHooks": [],
          "afterHooks": [],
          "tests": [
            {
              "title": "Test Search functionality and gets the first search result",
              "fullTitle": "Test for Search Home page Test Search functionality and gets the first search result",
              "timedOut": null,
              "duration": 5075,
              "state": "passed",
              "speed": "medium",
              "pass": true,
              "fail": false,
              "pending": false,
              "context": null,
              "code": "cy.visit(Cypress.env('url'));\nsearchHomepage.getAcceptCookies().click();\nsearchHomepage.getSearchBox().type(this.data.searchItem1).type('{enter}');\ncy.get('#search a').invoke('attr', 'href').then(href => cy.log(href));",
              "err": {},
              "uuid": "3060b178-ca86-4592-87ec-aa91d9699a08",
              "parentUUID": "6488dfe6-4258-4f2e-8bbf-9ba33a548b4b",
              "isHook": false,
              "skipped": false
            },
            {
              "title": "Test Auto Suggestion while typing in the search box",
              "fullTitle": "Test for Search Home page Test Auto Suggestion while typing in the search box",
              "timedOut": null,
              "duration": 3150,
              "state": "passed",
              "speed": "fast",
              "pass": true,
              "fail": false,
              "pending": false,
              "context": null,
              "code": "cy.visit(Cypress.env('url'));\nsearchHomepage.getAcceptCookies().click();\nsearchHomepage.getSearchBox().type(this.data.searchItem2); //selecting the first item from the suggestion list\nsearchHomepage.getSuggestionListItem(1).click({\n  force: true\n});",
              "err": {},
              "uuid": "bdf79126-0018-4ce8-855a-e867ace251c7",
              "parentUUID": "6488dfe6-4258-4f2e-8bbf-9ba33a548b4b",
              "isHook": false,
              "skipped": false
            },
            {
              "title": "Test Clear Button in the search box",
              "fullTitle": "Test for Search Home page Test Clear Button in the search box",
              "timedOut": null,
              "duration": 1087,
              "state": "passed",
              "speed": "fast",
              "pass": true,
              "fail": false,
              "pending": false,
              "context": null,
              "code": "cy.visit(Cypress.env('url'));\nsearchHomepage.getAcceptCookies().click();\nsearchHomepage.getSearchBox().type(this.data.searchItem1);\nsearchHomepage.getClearButton().should('be.visible');\nsearchHomepage.getClearButton().click();\nsearchHomepage.getClearButton().should('not.be.visible');",
              "err": {},
              "uuid": "82767c0f-e568-46dc-9365-ff808a3783de",
              "parentUUID": "6488dfe6-4258-4f2e-8bbf-9ba33a548b4b",
              "isHook": false,
              "skipped": false
            }
          ],
          "suites": [],
          "passes": [
            "3060b178-ca86-4592-87ec-aa91d9699a08",
            "bdf79126-0018-4ce8-855a-e867ace251c7",
            "82767c0f-e568-46dc-9365-ff808a3783de"
          ],
          "failures": [],
          "pending": [],
          "skipped": [],
          "duration": 9312,
          "root": false,
          "rootEmpty": false,
          "_timeout": 2000
        }
      ],
      "passes": [],
      "failures": [],
      "pending": [],
      "skipped": [],
      "duration": 0,
      "root": true,
      "rootEmpty": true,
      "_timeout": 2000
    }
  ],
  "meta": {
    "mocha": {
      "version": "7.0.1"
    },
    "mochawesome": {
      "options": {
        "quiet": false,
        "reportFilename": "mochawesome",
        "saveHtml": false,
        "saveJson": true,
        "consoleReporter": "spec",
        "useInlineDiffs": false,
        "code": true
      },
      "version": "7.1.3"
    },
    "marge": {
      "options": {
        "id": "default",
        "reportDir": "cypress/reports/mocha",
        "quite": true,
        "overwrite": false,
        "html": false,
        "json": true
      },
      "version": "6.2.0"
    }
  }
}